Flow report for conveyor
Sun Nov 23 16:53:07 2014
Quartus II 64-Bit Version 14.0.0 Build 200 06/17/2014 SJ Web Edition


---------------------
; Table of Contents ;
---------------------
  1. Legal Notice
  2. Flow Summary
  3. Flow Settings
  4. Flow Non-Default Global Settings
  5. Flow Elapsed Time
  6. Flow OS Summary
  7. Flow Log
  8. Flow Messages
  9. Flow Suppressed Messages



----------------
; Legal Notice ;
----------------
Copyright (C) 1991-2014 Altera Corporation. All rights reserved.
Your use of Altera Corporation's design tools, logic functions 
and other software and tools, and its AMPP partner logic 
functions, and any output files from any of the foregoing 
(including device programming or simulation files), and any 
associated documentation or information are expressly subject 
to the terms and conditions of the Altera Program License 
Subscription Agreement, the Altera Quartus II License Agreement,
the Altera MegaCore Function License Agreement, or other 
applicable license agreement, including, without limitation, 
that your use is for the sole purpose of programming logic 
devices manufactured by Altera and sold by Altera or its 
authorized distributors.  Please refer to the applicable 
agreement for further details.



+--------------------------------------------------------------------------------+
; Flow Summary                                                                   ;
+-----------------------------------+--------------------------------------------+
; Flow Status                       ; Successful - Sun Nov 23 16:53:07 2014      ;
; Quartus II 64-Bit Version         ; 14.0.0 Build 200 06/17/2014 SJ Web Edition ;
; Revision Name                     ; conveyor                                   ;
; Top-level Entity Name             ; conveyor                                   ;
; Family                            ; Arria II GX                                ;
; Device                            ; EP2AGX125EF35C6ES                          ;
; Timing Models                     ; Final                                      ;
; Logic utilization                 ; N/A                                        ;
;     Combinational ALUTs           ; 154                                        ;
;     Memory ALUTs                  ; 0                                          ;
;     Dedicated logic registers     ; 163                                        ;
; Total registers                   ; 163                                        ;
; Total pins                        ; 73                                         ;
; Total virtual pins                ; 0                                          ;
; Total block memory bits           ; 49,152                                     ;
; DSP block 18-bit elements         ; 0                                          ;
; Total GXB Receiver Channel PCS    ; 0                                          ;
; Total GXB Receiver Channel PMA    ; 0                                          ;
; Total GXB Transmitter Channel PCS ; 0                                          ;
; Total GXB Transmitter Channel PMA ; 0                                          ;
; Total PLLs                        ; 0                                          ;
; Total DLLs                        ; 0                                          ;
+-----------------------------------+--------------------------------------------+


+-----------------------------------------+
; Flow Settings                           ;
+-------------------+---------------------+
; Option            ; Setting             ;
+-------------------+---------------------+
; Start date & time ; 11/23/2014 16:53:01 ;
; Main task         ; Compilation         ;
; Revision Name     ; conveyor            ;
+-------------------+---------------------+


+-------------------------------------------------------------------------------------------------------------------+
; Flow Non-Default Global Settings                                                                                  ;
+-------------------------------------+------------------------------+---------------+-------------+----------------+
; Assignment Name                     ; Value                        ; Default Value ; Entity Name ; Section Id     ;
+-------------------------------------+------------------------------+---------------+-------------+----------------+
; COMPILER_SIGNATURE_ID               ; 162458116623.141675078103188 ; --            ; --          ; --             ;
; MAX_CORE_JUNCTION_TEMP              ; 85                           ; --            ; --          ; --             ;
; MIN_CORE_JUNCTION_TEMP              ; 0                            ; --            ; --          ; --             ;
; PARTITION_COLOR                     ; 16764057                     ; --            ; --          ; Top            ;
; PARTITION_FITTER_PRESERVATION_LEVEL ; PLACEMENT_AND_ROUTING        ; --            ; --          ; Top            ;
; PARTITION_NETLIST_TYPE              ; SOURCE                       ; --            ; --          ; Top            ;
; USE_GENERATED_PHYSICAL_CONSTRAINTS  ; Off                          ; --            ; --          ; eda_blast_fpga ;
+-------------------------------------+------------------------------+---------------+-------------+----------------+


+--------------------------------------------------------------------------------------------------------------------------+
; Flow Elapsed Time                                                                                                        ;
+----------------------+--------------+-------------------------+---------------------+------------------------------------+
; Module Name          ; Elapsed Time ; Average Processors Used ; Peak Virtual Memory ; Total CPU Time (on all processors) ;
+----------------------+--------------+-------------------------+---------------------+------------------------------------+
; Analysis & Synthesis ; 00:00:07     ; 1.0                     ; 636 MB              ; 00:00:06                           ;
; Total                ; 00:00:07     ; --                      ; --                  ; 00:00:06                           ;
+----------------------+--------------+-------------------------+---------------------+------------------------------------+


+-----------------------------------------------------------------------------------+
; Flow OS Summary                                                                   ;
+----------------------+------------------+-----------+------------+----------------+
; Module Name          ; Machine Hostname ; OS Name   ; OS Version ; Processor type ;
+----------------------+------------------+-----------+------------+----------------+
; Analysis & Synthesis ; alexandr-pc      ; Windows 7 ; 6.1        ; x86_64         ;
+----------------------+------------------+-----------+------------+----------------+


------------
; Flow Log ;
------------
quartus_map --read_settings_files=on --write_settings_files=off conveyor -c conveyor



